<?xml version="1.0" encoding="UTF-8"?>
<!-- Generated by org.testng.reporters.JUnitReportReporter -->
<testsuite hostname="DEL-DEV-VM04" name="retailweb_testCases.AAT_PP_14_KaplanHomePage" tests="1" failures="0" timestamp="5 Jan 2018 08:58:06 GMT" time="189.834" errors="0">
  <testcase name="KaplanHomePage_AAT_PP_14" time="189.834" classname="retailweb_testCases.AAT_PP_14_KaplanHomePage"/>
</testsuite> <!-- retailweb_testCases.AAT_PP_14_KaplanHomePage -->
